This is pdfTeX, Version 3.1415926-2.3-1.40.12 (Web2C 2011) (format=pdflatex 2011.11.11)  7 JAN 2012 12:06
entering extended mode
 restricted \write18 enabled.
 %&-line parsing enabled.
**regstats-example.tex
(./regstats-example.tex
LaTeX2e <2011/06/27>
Babel <v3.8m> and hyphenation patterns for english, dumylang, nohyphenation, ge
rman-x-2011-07-01, ngerman-x-2011-07-01, afrikaans, ancientgreek, ibycus, arabi
c, armenian, basque, bulgarian, catalan, pinyin, coptic, croatian, czech, danis
h, dutch, ukenglish, usenglishmax, esperanto, estonian, ethiopic, farsi, finnis
h, french, galician, german, ngerman, swissgerman, monogreek, greek, hungarian,
 icelandic, assamese, bengali, gujarati, hindi, kannada, malayalam, marathi, or
iya, panjabi, tamil, telugu, indonesian, interlingua, irish, italian, kurmanji,
 lao, latin, latvian, lithuanian, mongolian, mongolianlmc, bokmal, nynorsk, pol
ish, portuguese, romanian, russian, sanskrit, serbian, serbianc, slovak, sloven
ian, spanish, swedish, turkish, turkmen, ukrainian, uppersorbian, welsh, loaded
.
(s:/TeXlive2011/texmf-dist/tex/latex/base/article.cls
Document Class: article 2007/10/19 v1.4h Standard LaTeX document class
(s:/TeXlive2011/texmf-dist/tex/latex/base/size10.clo
File: size10.clo 2007/10/19 v1.4h Standard LaTeX file (size option)
)
\c@part=\count79
\c@section=\count80
\c@subsection=\count81
\c@subsubsection=\count82
\c@paragraph=\count83
\c@subparagraph=\count84
\c@figure=\count85
\c@table=\count86
\abovecaptionskip=\skip41
\belowcaptionskip=\skip42
\bibindent=\dimen102
)
(s:/TeXlive2011/texmf-dist/tex/latex/hyperref/hyperref.sty
Package: hyperref 2011/12/04 v6.82m Hypertext links for LaTeX

(./hobsub-hyperref.sty
Package: hobsub-hyperref 2011/07/28 v1.8 Bundle oberdiek, subset hyperref (HO)
 (./hobsub-generic.sty
Package: hobsub-generic 2011/07/28 v1.8 Bundle oberdiek, subset generic (HO)
Package: hobsub 2011/07/28 v1.8 Construct package bundles (HO)
Package: infwarerr 2010/04/08 v1.3 Providing info/warning/error messages (HO)
Package: ltxcmds 2011/04/18 v1.20 LaTeX kernel commands for general use (HO)
Package: ifluatex 2010/03/01 v1.3 Provides the ifluatex switch (HO)
Package ifluatex Info: LuaTeX not detected.
Package: ifvtex 2010/03/01 v1.5 Detect VTeX and its facilities (HO)
Package ifvtex Info: VTeX not detected.
Package: intcalc 2007/09/27 v1.1 Expandable calculations with integers (HO)
Package: ifpdf 2011/01/30 v2.3 Provides the ifpdf switch (HO)
Package ifpdf Info: pdfTeX in PDF mode is detected.
Package: etexcmds 2011/02/16 v1.5 Avoid name clashes with e-TeX commands (HO)
Package etexcmds Info: Could not find \expanded.
(etexcmds)             That can mean that you are not using pdfTeX 1.50 or
(etexcmds)             that some package has redefined \expanded.
(etexcmds)             In the latter case, load this package earlier.
Package: kvsetkeys 2011/06/15 v1.14 Key value parser (HO)
Package: kvdefinekeys 2011/04/07 v1.3 Define keys (HO)
Package: pdftexcmds 2011/07/28 v0.19 Utility functions of pdfTeX for LuaTeX (HO
)
Package pdftexcmds Info: LuaTeX not detected.
Package pdftexcmds Info: \pdf@primitive is available.
Package pdftexcmds Info: \pdf@ifprimitive is available.
Package pdftexcmds Info: \pdfdraftmode found.
Package: pdfescape 2011/04/04 v1.12 Implements pdfTeX's escape features (HO)
Package: bigintcalc 2011/01/30 v1.2 Expandable calculations on big integers (HO
)
Package: bitset 2011/01/30 v1.1 Handle bit-vector datatype (HO)
Package: uniquecounter 2011/01/30 v1.2 Provide unlimited unique counter (HO)
)
Package hobsub Info: Skipping package `hobsub' (already loaded).
Package: letltxmacro 2010/09/02 v1.4 Let assignment for LaTeX macros (HO)
Package: hopatch 2011/06/24 v1.1 Wrapper for package hooks (HO)
Package: xcolor-patch 2011/01/30 xcolor patch
Package: atveryend 2011/06/30 v1.8 Hooks at the very end of document (HO)
Package atveryend Info: \enddocument detected (standard20110627).
Package: atbegshi 2011/01/30 v1.15 At begin shipout hook (HO)
Package: refcount 2011/06/22 v3.3 Data extraction from label references (HO)
Package: hycolor 2011/01/30 v1.7 Color options for hyperref/bookmark (HO)
)
(s:/TeXlive2011/texmf-dist/tex/latex/graphics/keyval.sty
Package: keyval 1999/03/16 v1.13 key=value parser (DPC)
\KV@toks@=\toks14
)
(s:/TeXlive2011/texmf-dist/tex/generic/ifxetex/ifxetex.sty
Package: ifxetex 2010/09/12 v0.6 Provides ifxetex conditional
)
(s:/TeXlive2011/texmf-dist/tex/latex/oberdiek/kvoptions.sty
Package: kvoptions 2010/12/23 v3.10 Keyval support for LaTeX options (HO)
)
\@linkdim=\dimen103
\Hy@linkcounter=\count87
\Hy@pagecounter=\count88

(s:/TeXlive2011/texmf-dist/tex/latex/hyperref/pd1enc.def
File: pd1enc.def 2011/12/04 v6.82m Hyperref: PDFDocEncoding definition (HO)
)
\Hy@SavedSpaceFactor=\count89

(s:/TeXlive2011/texmf-dist/tex/latex/latexconfig/hyperref.cfg
File: hyperref.cfg 2002/06/06 v1.2 hyperref configuration of TeXLive
)
Package hyperref Info: Option `plainpages' set `false' on input line 3925.
Package hyperref Info: Option `pdfpagelabels' set `true' on input line 3925.
Package hyperref Info: Option `hyperindex' set `false' on input line 3925.
Package hyperref Info: Hyper figures OFF on input line 4046.
Package hyperref Info: Link nesting OFF on input line 4051.
Package hyperref Info: Hyper index OFF on input line 4056.
Package hyperref Info: Plain pages OFF on input line 4061.
Package hyperref Info: Backreferencing OFF on input line 4066.
Package hyperref Info: Implicit mode ON; LaTeX internals redefined.
Package hyperref Info: Bookmarks ON on input line 4284.
\c@Hy@tempcnt=\count90

(s:/TeXlive2011/texmf-dist/tex/latex/url/url.sty
\Urlmuskip=\muskip10
Package: url 2006/04/12 v3.3 Verb mode for urls, etc.
)
LaTeX Info: Redefining \url on input line 4637.
\Fld@menulength=\count91
\Field@Width=\dimen104
\Fld@charsize=\dimen105
Package hyperref Info: Hyper figures OFF on input line 5757.
Package hyperref Info: Link nesting OFF on input line 5762.
Package hyperref Info: Hyper index OFF on input line 5767.
Package hyperref Info: backreferencing OFF on input line 5772.
Package hyperref Info: Link coloring OFF on input line 5777.
Package hyperref Info: Link coloring with OCG OFF on input line 5782.
Package hyperref Info: PDF/A mode OFF on input line 5787.
LaTeX Info: Redefining \ref on input line 5827.
LaTeX Info: Redefining \pageref on input line 5831.
\Hy@abspage=\count92
\c@Item=\count93
\c@Hfootnote=\count94
)

Package hyperref Message: Driver (autodetected): hpdftex.

(s:/TeXlive2011/texmf-dist/tex/latex/hyperref/hpdftex.def
File: hpdftex.def 2011/12/04 v6.82m Hyperref driver for pdfTeX
\Fld@listcount=\count95
\c@bookmark@seq@number=\count96

(s:/TeXlive2011/texmf-dist/tex/latex/oberdiek/rerunfilecheck.sty
Package: rerunfilecheck 2011/04/15 v1.7 Rerun checks for auxiliary files (HO)
Package uniquecounter Info: New unique counter `rerunfilecheck' on input line 2
82.
)
\Hy@SectionHShift=\skip43
)
(./regstats.sty
Package: regstats 2012/01/07 v1.0h Counting used registers (HMM)
Package regstats Info: This package will not use registers itself,
(regstats)             but packages used by this package
(regstats)             (and packages loaded by those packages)
(regstats)             use additional resources,
(regstats)             if those packages are not used anyway.
(regstats)              on input line 83.
) (./regstats-example.aux)
\openout1 = `regstats-example.aux'.

LaTeX Font Info:    Checking defaults for OML/cmm/m/it on input line 75.
LaTeX Font Info:    ... okay on input line 75.
LaTeX Font Info:    Checking defaults for T1/cmr/m/n on input line 75.
LaTeX Font Info:    ... okay on input line 75.
LaTeX Font Info:    Checking defaults for OT1/cmr/m/n on input line 75.
LaTeX Font Info:    ... okay on input line 75.
LaTeX Font Info:    Checking defaults for OMS/cmsy/m/n on input line 75.
LaTeX Font Info:    ... okay on input line 75.
LaTeX Font Info:    Checking defaults for OMX/cmex/m/n on input line 75.
LaTeX Font Info:    ... okay on input line 75.
LaTeX Font Info:    Checking defaults for U/cmr/m/n on input line 75.
LaTeX Font Info:    ... okay on input line 75.
LaTeX Font Info:    Checking defaults for PD1/pdf/m/n on input line 75.
LaTeX Font Info:    ... okay on input line 75.
\AtBeginShipoutBox=\box26
Package hyperref Info: Link coloring OFF on input line 75.

(s:/TeXlive2011/texmf-dist/tex/latex/hyperref/nameref.sty
Package: nameref 2010/04/30 v2.40 Cross-referencing by name of section

(s:/TeXlive2011/texmf-dist/tex/generic/oberdiek/gettitlestring.sty
Package: gettitlestring 2010/12/03 v1.4 Cleanup title references (HO)
)
\c@section@level=\count97
)
LaTeX Info: Redefining \ref on input line 75.
LaTeX Info: Redefining \pageref on input line 75.
LaTeX Info: Redefining \nameref on input line 75.

(./regstats-example.out) (./regstats-example.out)
\@outlinefile=\write3
\openout3 = `regstats-example.out'.


Underfull \hbox (badness 10000) in paragraph at lines 79--85

 []

LaTeX Font Info:    External font `cmex10' loaded for size
(Font)              <7> on input line 86.
LaTeX Font Info:    External font `cmex10' loaded for size
(Font)              <5> on input line 86.

Underfull \hbox (badness 10000) in paragraph at lines 86--90

 []


Underfull \hbox (badness 10000) in paragraph at lines 91--92

 []


Underfull \hbox (badness 10000) in paragraph at lines 93--96

 []

Package atveryend Info: Executing hook `BeforeClearDocument' on input line 103.

[1

{s:/TeXlive2011/texmf-var/fonts/map/pdftex/updmap/pdftex.map}]
Package atveryend Info: Executing hook `AfterLastShipout' on input line 103.

(./regstats-example.aux)
Package atveryend Info: Executing hook `AtVeryEndDocument' on input line 103.


 *File List*
 article.cls    2007/10/19 v1.4h Standard LaTeX document class
  size10.clo    2007/10/19 v1.4h Standard LaTeX file (size option)
hyperref.sty    2011/12/04 v6.82m Hypertext links for LaTeX
hobsub-hyperref.sty    2011/07/28 v1.8 Bundle oberdiek, subset hyperref (HO)
hobsub-generic.sty    2011/07/28 v1.8 Bundle oberdiek, subset generic (HO)
  hobsub.sty    2011/07/28 v1.8 Construct package bundles (HO)
infwarerr.sty    2010/04/08 v1.3 Providing info/warning/error messages (HO)
 ltxcmds.sty    2011/04/18 v1.20 LaTeX kernel commands for general use (HO)
ifluatex.sty    2010/03/01 v1.3 Provides the ifluatex switch (HO)
  ifvtex.sty    2010/03/01 v1.5 Detect VTeX and its facilities (HO)
 intcalc.sty    2007/09/27 v1.1 Expandable calculations with integers (HO)
   ifpdf.sty    2011/01/30 v2.3 Provides the ifpdf switch (HO)
etexcmds.sty    2011/02/16 v1.5 Avoid name clashes with e-TeX commands (HO)
kvsetkeys.sty    2011/06/15 v1.14 Key value parser (HO)
kvdefinekeys.sty    2011/04/07 v1.3 Define keys (HO)
pdftexcmds.sty    2011/07/28 v0.19 Utility functions of pdfTeX for LuaTeX (HO)
pdfescape.sty    2011/04/04 v1.12 Implements pdfTeX's escape features (HO)
bigintcalc.sty    2011/01/30 v1.2 Expandable calculations on big integers (HO)
  bitset.sty    2011/01/30 v1.1 Handle bit-vector datatype (HO)
uniquecounter.sty    2011/01/30 v1.2 Provide unlimited unique counter (HO)
letltxmacro.sty    2010/09/02 v1.4 Let assignment for LaTeX macros (HO)
 hopatch.sty    2011/06/24 v1.1 Wrapper for package hooks (HO)
xcolor-patch.sty    2011/01/30 xcolor patch
atveryend.sty    2011/06/30 v1.8 Hooks at the very end of document (HO)
atbegshi.sty    2011/01/30 v1.15 At begin shipout hook (HO)
refcount.sty    2011/06/22 v3.3 Data extraction from label references (HO)
 hycolor.sty    2011/01/30 v1.7 Color options for hyperref/bookmark (HO)
  keyval.sty    1999/03/16 v1.13 key=value parser (DPC)
 ifxetex.sty    2010/09/12 v0.6 Provides ifxetex conditional
kvoptions.sty    2010/12/23 v3.10 Keyval support for LaTeX options (HO)
  pd1enc.def    2011/12/04 v6.82m Hyperref: PDFDocEncoding definition (HO)
hyperref.cfg    2002/06/06 v1.2 hyperref configuration of TeXLive
     url.sty    2006/04/12 v3.3 Verb mode for urls, etc.
 hpdftex.def    2011/12/04 v6.82m Hyperref driver for pdfTeX
rerunfilecheck.sty    2011/04/15 v1.7 Rerun checks for auxiliary files (HO)
regstats.sty    2012/01/07 v1.0h Counting used registers (HMM)
 nameref.sty    2010/04/30 v2.40 Cross-referencing by name of section
gettitlestring.sty    2010/12/03 v1.4 Cleanup title references (HO)
regstats-example.out
regstats-example.out
 ***********

Package atveryend Info: Executing hook `AtEndAfterFileList' on input line 103.
Package rerunfilecheck Info: File `regstats-example.out' has not changed.
(rerunfilecheck)             Checksum: D41D8CD98F00B204E9800998ECF8427E;0.
Package atveryend Info: Executing hook `AtVeryVeryEnd' on input line 103.

Package regstats Warning: Could not find the e-TeX-package.
(regstats)                That can mean that e-TeX was disabled or
(regstats)                that your distribution of TeX does not contain e-TeX
(regstats)                or that you simply forgot to say \usepackage{etex}
(regstats)                in the preamble of regstats-example.tex.
(regstats)                The number of available counter, dimen, skip,
(regstats)                muskip, box, and toks registers as well as the
(regstats)                number of insertions would be larger when using
(regstats)                the e-TeX-package. on input line 103.


Here is how much of TeX's registers you used
 (numbers of available registers are estimated!):
 97 counter registers out of 233, left: 136
 105 dimen registers out of 233, left: 128
 43 skip registers out of 233, left: 190
 10 muskip registers out of 255, left: 245
 26 box registers out of 233, left: 207
 14 toks registers out of 255, left: 241
 0 input streams (read) out of 15, left: 15
 3 output streams (write) out of 15, left: 12
 3 math families (fam) out of 15, left: 12
 74 language codes out of 255, left: 181
 0 insertions out of 101, left: 101

Time elapsed for the last compiler run:
about 0:00 (m:ss; 25559/65536 s).
 ) 
Here is how much of TeX's memory you used:
 4107 strings out of 493629
 61316 string characters out of 3147108
 141906 words of memory out of 3000000
 7438 multiletter control sequences out of 15000+200000
 4718 words of font info for 18 fonts, out of 3000000 for 9000
 831 hyphenation exceptions out of 8191
 29i,4n,23p,212b,314s stack positions out of 5000i,500n,10000p,200000b,50000s
<s:/TeXlive2011/texmf-dist/fonts/type1/public/amsfonts/cm/cmbx12.pfb><s:/TeXl
ive2011/texmf-dist/fonts/type1/public/amsfonts/cm/cmmi10.pfb><s:/TeXlive2011/te
xmf-dist/fonts/type1/public/amsfonts/cm/cmr10.pfb><s:/TeXlive2011/texmf-dist/fo
nts/type1/public/amsfonts/cm/cmr7.pfb><s:/TeXlive2011/texmf-dist/fonts/type1/pu
blic/amsfonts/cm/cmss10.pfb><s:/TeXlive2011/texmf-dist/fonts/type1/public/amsfo
nts/cm/cmtt10.pfb>
Output written on regstats-example.pdf (1 page, 66974 bytes).
PDF statistics:
 38 PDF objects out of 1000 (max. 8388607)
 28 compressed objects within 1 object stream
 3 named destinations out of 1000 (max. 500000)
 1 words of extra memory for PDF output out of 10000 (max. 10000000)

