______________________________________________________________________

nicetext RELEASE  0.67  2015/11/21

   CHANGE.LOG           2015/11/21   updated
 niceverb.sty    v0.62  2015/11/21   \qtdnverb was disabled!
 niceverb.pdf           2015/11/21   updated
 nicetext.RLS           2015/11/21   updated
 SrcFILEs.txt           2015/11/21   updated
______________________________________________________________________

nicetext RELEASE  0.66  2015/11/09

   CHANGE.LOG           2015/11/09   updated
  makedoc.cfg           2013/03/25   usage of `filedate.sty'
  makedoc.pdf           2015/11/09   updated
 niceverb.sty    v0.61  2015/11/09   \NVerb[..., \SetNiceVerbSaveBox,
                                     `SelfProtect'tion & other 
                                     robustness, \active@math@prime in 
                                     \output, \qtdnverb; doc fixes
 niceverb.tex           2014/03/28   local extensions of `makedoc.sty'
 niceverb.pdf           2015/11/09   updated
 nicetext.RLS           2015/11/09   updated
 SrcFILEs.txt           2015/11/09   updated

______________________________________________________________________

nicetext RELEASE  0.65  2012/11/30   `makedoc.cfg' ...

   CHANGE.LOG           2012/11/30   updated
  makedoc.cfg           2012/11/30   \MDsamplecodeinput spacing corr.,
                                     \ctanpkgdref -> \urlfoot
  makedoc.tex           2012/11/30   `makedoc.cfg' final section, 
                                     without raw code
  makedoc.pdf           2012/11/30   updated
 nicetext.RLS           2012/11/30   updated
 srcfiles.tex           2012/11/30   applies new `filesdo.sty'
 SrcFILEs.txt           2012/11/30   updated

______________________________________________________________________

nicetext RELEASE  0.64  2012/11/27   `makedoc.cfg' without wrong 
                                     `pdfstartview', applying 
                                     `filesdo.sty', weaker \[d]qtd

 ANNOUNCE.txt           2012/11/27   back again
   CHANGE.LOG           2012/11/27   updated
    FILES.txt           2012/11/27   updated
   README               2012/11/27   updated second (C)
   README.pdf           2012/11/27   updated
 fifinddo.pdf           2012/11/27   typeset with new `makedoc.cfg'
  makedoc.cfg           2012/11/26   pdfstartview fixed
  makedoc.pdf           2012/11/27   typeset with new `makedoc.cfg'
 niceverb.sty     v0.6  2012/11/27   \[d]qtd \provide'd only
 niceverb.pdf           2012/11/27   typeset with new `makedoc.cfg'
 nicetext.RLS           2012/11/27   updated
 srcfiles.tex           2012/11/27   applies new `filesdo.sty'
 SrcFILEs.txt           2012/11/27   updated

______________________________________________________________________

nicetext RELEASE  0.63  2012/11/17   `fifinddo.sty' adjusted to 
                                     previous `mdoccorr.cfg'; `README'
                                     updated, subtitle

   CHANGE.LOG           2012/11/17   updated
   README               2012/11/17   updated (C), subtitle
   README.pdf           2012/11/17   updated
 SrcFILEs.txt           2012/11/17   updated
 fifinddo.sty    v0.61  2012/11/17   \gdef\do{\Prepend...
 fifinddo.pdf           2012/11/17   updated
 nicetext.RLS           2012/11/17   updated

______________________________________________________________________

nicetext RELEASE  0.62  2012/11/13   `makedoc.cfg' enhanced 
                                     (`filedate', code input),
                                     documented in `makedoc.pdf'

   CHANGE.LOG           2012/11/13   updated
 SrcFILEs.txt           2012/11/13   updated
  makedoc.cfg           2012/11/13   \MDdocnewline, 
                                     \MDfinaldatechecks,
                                     \MDsamplecodeinput,
                                     documentation code
  makedoc.tex           2012/11/13   examples reformatted, 
                                     include `makedoc.cfg'
 mdoccorr.cfg           2012/11/13   \do as shorthand, 
                                     code line breaks
  makedoc.pdf           2012/11/13   updated
 nicetext.RLS           2012/11/13   updated
 srcfiles.tex           2012/11/13   some `filedate' checks

______________________________________________________________________

nicetext RELEASE  0.61  2012/11/09   makedoc/mdoccorr.cfg 
                                     extended, use recent 
                                     `nicefilelist'

   CHANGE.LOG           2012/11/09   updated
    FILEs.txt           2012/11/09   moved `nicetext.RLS' from 
                                     `use' to `doc, removed 
                                     `README.txt', `Announce.txt' 
                                     -> `RELEASE051.txt'
 SrcFILEs.txt           2012/11/09   updated
 srcfiles.tex           2012/11/09   use recent `nicefilelist'
  makedoc.cfg           2012/11/09   `lmodern', \qtdcode, \TODO,
                                     \MDsampleinput; 
 mdoccorr.cfg           2012/11/07   TODO -> \TODO{}
 nicetext.RLS           2012/11/09   updated
 
______________________________________________________________________

nicetext RELEASE 0.6a   2012/10/10   niceverb.pdf introduction 
                                     describes \[Dont]AddQuotes
______________________________________________________________________

nicetext RELEASE  0.6   2012/09/28   use & adapt to `catcodes',
                                     makedoc.cfg: \pkgtitle

   CHANGE.LOG           2012/09/28   updated
 SrcFILEs.txt           2012/09/28   updated
 fifinddo.sty    v0.6   2012/08/27   using `catcodes', \CatCode
 fifinddo.pdf           2012/08/27   updated
  makedoc.sty    v0.52  2012/08/28   using `stacklet.sty'
  makedoc.pdf           2012/08/28   updated
  makedoc.cfg           2012/07/13   \do, \pkgtitle
 niceverb.sty    v0.5   2012/09/27   adapting to `catcodes', 
                                     rm. \AssignCatCodeTo,
                                     \CatCode, \private_letters
 niceverb.pdf           2012/09/27   updated
 nicetext.RLS           2012/09/28   updated

______________________________________________________________________

nicetext RELEASE  0.53  2012/05/27   makedoc.cfg, nicetext.RLS

  makedoc.cfg           2012/05/27   \MDaddtoabstract
 nicetext.RLS           2012/05/27   new, access to release summary
   CHANGE.LOG           2012/05/27   updated
    FILEs.txt           2012/05/27   updated
 SrcFILEs.txt           2012/05/27   updated

______________________________________________________________________
nicetext RELEASE  0.52  2012/04/03   bugfix 
 
  makedoc.sty    v0.51  2012/04/03   \_makedoc_autocorr_true default
  makedoc.pdf           2012/04/03   updated
   CHANGE.LOG           2012/04/03   updated
 SrcFILEs.txt           2012/04/03   updated

______________________________________________________________________
nicetext RELEASE  0.51  2012/03/18   SUMMARY: fifinddo fix, 
                                     makedoc avoids mdoccorr.cfg by *,
                                     affected documentation updated

 ANNOUNCE.txt           2012/03/18   updated
   CHANGE.LOG           2012/03/18   updated
    FILEs.txt           2012/03/18   updated
 RELEAS05.txt           2012/03/18   renamed
 SrcFILEs.txt           2012/03/18   uses longnamefilelist.sty,
                                     updated

-  fifinddo.sty  v0.51  2012/03/17   fix of setup alternatives,
                                     affecting documentations
   fifinddo.pdf         2012/03/17   updated

-   makedoc.sty  v0.5   2010/03/30   \Make...* avoids inputting
                                     mdoccorr.cfg
    makedoc.tex         2012/03/18   summary updated
    makedoc.pdf         2012/03/18   updated
  mdoccheat.tex         2012/03/18   updated 
  mdoccheat.pdf         2012/03/18   updated

-  arseneau.tex         2012/03/18   uses \MakeCloseDoc* 
   arseneau.pdf         2012/03/18   updated
     substr.tex         2012/03/18   uses \MakeCloseDoc* and ragged2e
     substr.pdf         2012/03/18   updated

   srcfiles.tex         2012/03/18   uses longnamefilelist.sty


______________________________________________________________________
nicetext RELEASE  0.5a  2011/12/07   corrects description of 
fifinddo.sty v0.5 in ANNOUNCE.txt for bundle release 0.5 and here 
below: support not for blogexec, but for "ligatures" in pending 
blog.sty v0.7 (morehype bundle)

______________________________________________________________________
nicetext RELEASE  0.5   2011/12/05

      DOC.
 ANNOUNCE.txt           2011/12/05   most recent
   CHANGE.LOG/txt       2011/12/05   updated
 SrcFILEs.txt           2011/12/05   updated
 fifinddo.pdf           2011/11/21   updated
  makedoc.pdf           2011/12/03   updated 
 niceverb.pdf           2011/12/05   updated

   DOCSRC.
 fifinddo.tex           2011/11/19   [fleqn], \pagebreak
  makedoc.tex           2011/11/19   or \RequirePackage, 
                                     \MakeSingleDoc
 niceverb.tex           2011/11/05   mod. pdftitle
 srcfiles.tex           2011/12/05   cosmetic

      USE.
 fifinddo.sty    v0.5   2011/11/21   \PrependExpandableAllReplacer*, 
                                     + job `*' + \MakeSetupCommand
                                     + \ifFinalInputFile 
                                     + \ProcessFinalFileWith
                                     input check fixed, 
                                     \CloseResultFile message 
                                     "aligned", \protected@edef,
                                     \ProcessInputWith reimplemented,
                                     doc. mod.s
  makedoc.cfg           2011/11/20   + \code + \pkg
  makedoc.sty    v0.42  2011/11/19   + \MakeSingleDoc; \MakeDoc
                                     reads mdoccorr.cfg
 mdoccorr.cfg           2011/12/03   fix `...', apply
                                     \PrependExpandableAllReplacer*
 niceverb.sty    v0.44  2011/12/05   mod. \niceverb_collect_egroup/
                                     \VerticalCmdBox, doc. fix

______________________________________________________________________
nicetext RELEASE  0.47  2011/10/25
`mdoccorr.cfg' uses `csquotes''s idea for symmetrical text ellipsis
(\unkern), no need for new macro as in r0.45; adds `...)'

______________________________________________________________________
nicetext RELEASE  0.46  2011/10/23
`fifinddo' v0.44 sends messages from \ResultFile and \CloseResultFile

______________________________________________________________________
nicetext RELEASE  0.45  2011/10/14 
1. mdoccorr.cfg turns `...:' into `\dots:' (as opposed to symmetrical 
   versions of \dots inside or before words; needs new \MDtwodots)
2. typo fixes in makedoc.sty and niceverb.tex
3. -> makedoc.pdf, nicetext.pdf

______________________________________________________________________ 
nicetext RELEASE  0.44  2011/09/14   SUMMARY: niceverb + \AddQuotes,
                                     enhancements for dialogues and 
                                     templates, mdoccheat.pdf back
     RUN.    
README-run.txt          2011/09/14   more accurate
 copyfile.tex           2011/09/13   adjusted for fddial0g v0.2
 fdtxttex.tex           2011/09/13   adjusted for fddial0g/fifinddo
 fdtxttex.tpl           2011/09/13   uses fifinddo v0.43
  makedoc.tpl           2011/08/23   uses fifinddo v0.43

   RUNUSE.    
    atari.cfg           2011/09/13   adjusted for fddial0g v0.2
 u8atablg.fdf           2011/09/12   new
 fddial0g.sty    v0.2   2011/09/13   all ideas carried out
 copyfile.cfg           2011/09/13   adjusted for fddial0g v0.2
 fdtxttex.cfg           2011/09/12   adjusted for fddial0g v0.2

      USE.
 fifinddo.sty    v0.43  2011/09/13   + \CorrectedInputLine 
 mdoccorr.cfg           2011/09/13   reloadable in dialogues
 niceverb.sty    v0.44  2011/09/09   + \AddQuotes

______________________________________________________________________
r0.43a 2011/08/25 adds in ANNOUNCE.txt as of 2011/08/25 
that makedoc.cfg provides \MDkeywords and {MDabstract}

______________________________________________________________________
nicetext RELEASE  0.43  2011/08/23   SUMMARY: dialogues enhanced 
                                     (new copyfile.tex, fddial0g.sty), 
                                     makedoc.cfg enhanced, 
                                     niceverb.sty gets \gt+\lt
                                     and an .aux bug fix.

 ANNOUNCE.txt           2011/08/23   announcing present release
   CHANGE.LOG/txt       2011/08/23   updated
 SrcFILEs.txt           2011/08/23   updated, was FileList.txt
   README(.txt,.pdf)    2011/08/23   + .tds + copyfile.tex 
   README.tex           2010/02/14   moved by one line
README-run.txt          2011/08/23   new
    atari.cfg           2011/08/23   new
    atari.fdf           2010/08/23   new here
 copyfile.cfg           2011/08/22   new
 copyfile.tex           2011/08/22   + \Prov... for fileinfo
 fddial0g.sty           2011/08/23   new
 fdtxttex.tex           2011/08/23   uses fddial0g.sty
 fdtxttex.tpl           2011/08/21   + \Prov... for fileinfo
 fifinddo.sty    v0.42a 2011/08/22   documentation fix
 fifinddo.tex           2011/08/22   using new makedoc.cfg
  makedoc.cfg           2011/08/22   + color.sty + \acro + \meta
  makedoc.sty    v0.41a 2011/08/22   documentation fix
  makedoc.tex           2011/08/22   using new makedoc.cfg
  makedoc.tpl           2011/08/23   + \Prov... for fileinfo
 niceverb.sty    v0.43  2011/08/20   + \gt + \lt, .aux fix
 niceverb.tex           2011/08/22   using new makedoc.cfg
 srcfiles.tex           2011/08/22   collects infos, was gather.tex
   substr.tex           2011/08/20   + \Prov... for fileinfo

______________________________________________________________________
r0.42a 2011/01/30 moves makedoc.cfg to docsrc, changes name 
`FILES.txt' into `FILEs.txt' and ordering within the file, 
and uses the `source' tree in the .tds.
______________________________________________________________________
nicetext RELEASE  0.42  2011/01/26   SUMMARY: corrected `makedoc.sty', 
                                     enhanced `fifinddo.sty' and 
                                     .txt->.tex, use `hypertoc.sty' 
                                     and `texlinks.sty', minor fixes, 
                                     documentation enhancements

   README(.txt)         2011/01/26   updated
   README.pdf           2011/01/26   new, README version
   README.tex           2011/02/14   moved by one line 
   CHANGE.LOG/txt       2011/01/26   updated
 FileList.txt/gather.tex2011/01/26   new for source file versions
 fifinddo.sty    v0.42a 2011/08/22 
 fifinddo.tex/pdf       2010/11/27   uses `readprov.sty', +TODO
  makedoc.cfg           2011/01/24   uses `hypertoc' and `readprov'
  makedoc.sty    v0.41  2011/01/25   corrected!
  makedoc.tex/pdf       2011/01/25   uses `readprov.sty'
 mdoccorr.cfg           2011/01/12   `<-', `->'; `...' re-implem.
 niceverb.sty    v0.42  2011/01/26   fixes, code to `texlinks.sty'
 nicetext.tex/pdf       2011/01/26   enhanced, uses `readprov.sty'

______________________________________________________________________
nicetext RELEASE  0.41  2010/04/05   SUMMARY: documentation changes, 
                                     corrected `niceverb.sty', 
                                     added third-party example

     FILES.txt          2010/04/05   changed name (for ...), updated, 
                                     corrected
   README(.txt)         2010/04/05   typo fix ("http."), correction
   README.tex           2010/11/27   new, generates README.pdf
   CHANGE.LOG           2010/04/05   updated
   CHANGE.txt           2010/04/05   new copy of CHANGE.LOG
 arseneau.tex/pdf       2010/04/05   added `optional.sty'
 fifinddo.sty    v0.4a  2010/04/04   copyright updated
 niceverb.sty    v0.41  2010/04/05   stamp v0.33 -> v0.4, 
                                     corrected \AutoCmdInput
 nicetext.tex/pdf       2010/04/05   corrected

______________________________________________________________________
nicetext RELEASE  0.4   2010/03/30   SUMMARY: `% ' commenting style 
                                     supported, applied to packages 
                                     by Donald Arseneau, extended 
                                     formatting through specific 
                                     replacements, also with 
                                     substr.sty, improved setup for 
                                     \MakeDocCorrHook

-   FILES               2010/03/30   updated
   README               2010/03/30   updated
   CHANGE.LOG           2010/03/30   updated
  NNOUNCE.txt           2010/03/30   updated
  RELEA03.txt           2010/03/30   renamed

-  fifinddo.sty  v0.4   2010/03/29   setup for replacement chaining 
                                     and \MakeDocCorrectHook 
                                     improved: \SetPatternCodes, 
                                     \ResetPatternCodes, 
                                     \SetCorrectHookJob, 
                                     \SetCorrectHookJobLast
   fifinddo.pdf         2010/03/29   updated
   fdtxttex.tex         2010/03/30   updated
   fdtxttex.tpl         2010/03/30   updated

-   makedoc.sty  v0.4   2010/03/30   `% ' commenting style supported,
                                     \ResetCodeLineNumbers,
                                     use \ResetPatternCodes
    makedoc.pdf         2010/03/30   updated, fixed
    makedoc.cfg         2010/03/29   unchanged
    makedoc.tpl         2010/03/23   unchanged
  mdoccheat.pdf         2010/03/30   updated, renamed mdoccheat.tex
   mdoccorr.cfg         2010/03/29   uses new fifinddo commands

-  niceverb.sty  v0.4   2010/03/29   auto mode: \AddToNoVerbList, 
                                     safer restoring of underscore
   niceverb.pdf         2010/03/29   updated

-  arseneau.tex         2010/03/30   first CTAN release
   arseneau.pdf         2010/03/30   first CTAN release
     sample.txt         2010/03/22   unchanged
     substr.tex         2010/03/30   extended formatting by specific
                                     replacments using new fifinddo
                                     commands; corrections
     substr.pdf         2010/03/30   first CTAN release

______________________________________________________________________
nicetext RELEASE  0.3   2010/03/23   SUMMARY: `makedoc' simplified, 
                                     `niceverb' robustified, 
                                     `fifinddo' re-implemented 
                                     & slightly enhanced,
                                     txt to TeX dialogue & templates

-   FILES               2010/03/23   first CTAN release 
   README               2010/03/23   updated
   CHANGE.LOG           2010/03/23   updated
  NNOUNCE.TXT           2010/03/23   updated

-  fifinddo.sty  v0.31  2010/03/23   replacement chaining improved: 
                                     \PrependExpandableAllReplacer;
                                     works with character codes > 127; 
                                     setup-setup unified
   fifinddo.pdf         2010/03/23   updated
   fdtxttex.tex         2010/03/22   first CTAN release
   fdtxttex.tpl         2010/03/23   first CTAN release
    mkfddoc.tex                      removed

-   makedoc.sty  v0.3   2010/03/19   bundling to standalone commands
    makedoc.pdf         2010/03/23   updated & much extended
                                     (list of script commands)
    makedoc.cfg         2010/03/20   no longer essential
    makedoc.tpl         2010/03/23   first CTAN release
  mdoccheat.pdf         2010/03/21   first CTAN release
   mdoccorr.cfg         2010/03/23   replaces `mdcorr.cfg', uses 
                                     \Prepend...

-  niceverb.sty  v0.32  2010/03/23   robustified, incl. 
                                     `hyperref' compatibility
                                     & dis-/re-enabling
   niceverb.pdf         2010/03/23   much extended

-    sample.txt         2010/03/22   first CTAN release
     substr.tex         2010/03/18   first CTAN release

______________________________________________________________________
nicetext RELEASE  0.2   2009/04/15   add `fifinddo' and `makedoc' for 
                                     txt -> latex preprocessing

-    README             2009/04/15   updated
     CHANGE.LOG         2009/04/15   new

-  fifinddo.sty  v0.3   2009/04/15   first CTAN release
   fifinddo.pdf         2009/04/15
    mkfddoc.tex         2009/04/15

-   makedoc.sty  v0.2   2009/04/13   first CTAN release 
    makedoc.pdf         2009/04/15
    makedoc.cfg         2009/04/15
     mdcorr.cfg         2009/04/15

-  niceverb.sty  v0.2   2009/04/15   strengthened \SimpleVerb, 
                                     \sf detection after `(', 
                                     more for \niceverbNoVerList
   niceverb.pdf         2009/04/15   adjusted to new doc generation 
                                     method, mentioning it, 
                                     motivation extended,
                                     more examples

______________________________________________________________________
nicetext RELEASE  0.1   2009/02/23:  first CTAN releases of 
                                     `niceverb' and `wiki'

-  niceverb.sty  v0.1   2009/02/21
   niceverb.pdf         2009/02/23

-      wiki.sty  v0.2   2008/07/02 
  wikicheat.pdf         2009/01/17
