This is TeX, Version 3.1415 (C version 6.1) (format=latex 95.7.29)  30 NOV 1995 16:52
**wcltx
(wcltx.tex
LaTeX2e <1995/06/01> patch level 3
Hyphenation patterns for english, german, loaded.
(/usr/local/lib/texmf/tex/generic/misc/cwebmac.tex) (../cweb.cls
Document Class: cweb 1995/11/30 v3.6 LaTeX markup for CWEB sources
(../keyvald.sty
Package: keyvald 1994/08/23 v1.08.1 key=value parser (DPC) w/ defaults (js)
) (/usr/local/lib/texmf/tex/latex/base/article.cls
Document Class: article 1995/06/26 v1.3g Standard LaTeX document class
(/usr/local/lib/texmf/tex/latex/base/size10.clo
File: size10.clo 1995/06/19 v1.3e Standard LaTeX file (size option)
)
\c@part=\count82
\c@section=\count83
\c@subsection=\count84
\c@subsubsection=\count85
\c@paragraph=\count86
\c@subparagraph=\count87
\c@figure=\count88
\c@table=\count89
\abovecaptionskip=\skip41
\belowcaptionskip=\skip42
\bibindent=\dimen102
) (../cwebbase.tex
File: cwebbase.tex 1995/11/07 v1.4 CWEAVE tags for LaTeX markup
\cwbb@undefined=\toks15
\cwbb@to_restore=\toks16
\CwebChunkPreSkip=\skip43
\cweb@chunk_marker=\box26
LaTeX Font Info:    Try loading font information for OMS+cmr on input line 598.


(/usr/local/lib/texmf/tex/latex/base/OMScmr.fd
File: OMScmr.fd 1995/04/22 v2.3f Standard LaTeX font definitions
)
LaTeX Font Info:    Font shape `OMS/cmr/m/n' in size <10> not available
(Font)              Font shape `OMS/cmsy/m/n' tried instead on input line 598.
\c@chunk=\count90
\c@section2=\count91
\c@section3=\count92
\c@section4=\count93
\c@section5=\count94
\c@section6=\count95
\c@section7=\count96
\c@section8=\count97
\c@section9=\count98
\c@section10=\count99
\CwebSectPreSkip=\skip44
\CwebProgPenalty=\count100
\cwbb@save@parskip=\skip45
\cwbb@save@rightskip=\skip46
\cwbb@save@sem_sfcode=\count101
\cwbb@save@pretolerance=\count102
\cwbb@save@hyphenpenalty=\count103
\cwbb@save@exhyphenpenalty=\count104
\CwebIndentUnit=\dimen103
\cwbb@indent=\dimen104
\cwbb@bak=\box27
\cwbb@bakk=\box28
\cwbb@pointer=\box29
LaTeX Font Info:    External font `cmex10' loaded for size
(Font)              <7> on input line 1454.
LaTeX Font Info:    External font `cmex10' loaded for size
(Font)              <5> on input line 1454.
\cwbb@decr=\box30
\cwbb@incr=\box31
)
\CwebTocIndent=\dimen105
\CwebTocIndentMaxLevel=\count105
\cwebIndexIntro=\toks17
) (rcs.sty
Package: rcs 1995/08/02 v2.9 typeset info from RCS fields
\rcsLogIntro=\toks18
) (wcltx.aux)
LaTeX Font Info:    Checking defaults for OML/cmm/m/it on input line 39.
LaTeX Font Info:    ... okay on input line 39.
LaTeX Font Info:    Checking defaults for T1/cmr/m/n on input line 39.
LaTeX Font Info:    ... okay on input line 39.
LaTeX Font Info:    Checking defaults for OT1/cmr/m/n on input line 39.
LaTeX Font Info:    ... okay on input line 39.
LaTeX Font Info:    Checking defaults for OMS/cmsy/m/n on input line 39.
LaTeX Font Info:    ... okay on input line 39.
LaTeX Font Info:    Checking defaults for OMX/cmex/m/n on input line 39.
LaTeX Font Info:    ... okay on input line 39.
LaTeX Font Info:    Checking defaults for U/cmr/m/n on input line 39.
LaTeX Font Info:    ... okay on input line 39.
LaTeX Font Info:    External font `cmex10' loaded for size
(Font)              <8> on input line 47.
LaTeX Font Info:    External font `cmex10' loaded for size
(Font)              <6> on input line 47.
LaTeX Font Info:    External font `cmex10' loaded for size
(Font)              <12> on input line 51.
 *1
[1

] [2] [3] [4] [5] (wcltx.bbl [6]) [7] Index: (wcltx.idx) [8


]
List of Refinements: (wcltx.scn) [9

] (wcltx.aux) ) 
Here is how much of TeX's memory you used:
 709 strings out of 10921
 7728 string characters out of 72294
 56323 words of memory out of 262141
 3583 multiletter control sequences out of 9500
 8738 words of font info for 32 fonts, out of 100000 for 255
 14 hyphenation exceptions out of 607
 29i,8n,22p,172b,316s stack positions out of 300i,40n,60p,3000b,4000s

Output written on wcltx.dvi (9 pages, 24308 bytes).
